0 info it worked if it ends with ok
1 verbose cli [ '/usr/local/Cellar/node/5.8.0/bin/node',
1 verbose cli   '/usr/local/bin/npm',
1 verbose cli   'start' ]
2 info using npm@3.8.6
3 info using node@v5.8.0
4 verbose run-script [ 'prestart', 'start', 'poststart' ]
5 info lifecycle color_picker@0.0.1~prestart: color_picker@0.0.1
6 silly lifecycle color_picker@0.0.1~prestart: no script for prestart, continuing
7 info lifecycle color_picker@0.0.1~start: color_picker@0.0.1
8 verbose lifecycle color_picker@0.0.1~start: unsafe-perm in lifecycle true
9 verbose lifecycle color_picker@0.0.1~start: PATH: /usr/local/lib/node_modules/npm/bin/node-gyp-bin:/Users/aberope/electron/color_picker/node_modules/.bin:/usr/local/Cellar/node/5.8.0/bin:/usr/local/opt/coreutils/libexec/gnubin:/usr/local/bin:/usr/bin:/bin:/usr/sbin:/sbin:/home/aberope/openwrt/staging_dir/host/bin:/home/aberope/openwrt/staging_dir/toolchain-mips_mips32_gcc-5.2.0_musl-1.1.11/bin:/home/aberope/openwrt/staging_dir/toolchain-mips_34kc_gcc-5.2.0_musl-1.1.11/bin:~/bin/:/usr/local/bin:/Users/aberope/.composer/vendor/bin
10 verbose lifecycle color_picker@0.0.1~start: CWD: /Users/aberope/electron/color_picker
11 silly lifecycle color_picker@0.0.1~start: Args: [ '-c', 'electron main.js' ]
12 silly lifecycle color_picker@0.0.1~start: Returned: code: 1  signal: null
13 info lifecycle color_picker@0.0.1~start: Failed to exec start script
14 verbose stack Error: color_picker@0.0.1 start: `electron main.js`
14 verbose stack Exit status 1
14 verbose stack     at EventEmitter.<anonymous> (/usr/local/lib/node_modules/npm/lib/utils/lifecycle.js:239:16)
14 verbose stack     at emitTwo (events.js:100:13)
14 verbose stack     at EventEmitter.emit (events.js:185:7)
14 verbose stack     at ChildProcess.<anonymous> (/usr/local/lib/node_modules/npm/lib/utils/spawn.js:24:14)
14 verbose stack     at emitTwo (events.js:100:13)
14 verbose stack     at ChildProcess.emit (events.js:185:7)
14 verbose stack     at maybeClose (internal/child_process.js:850:16)
14 verbose stack     at Process.ChildProcess._handle.onexit (internal/child_process.js:215:5)
15 verbose pkgid color_picker@0.0.1
16 verbose cwd /Users/aberope/electron/color_picker
17 error Darwin 15.4.0
18 error argv "/usr/local/Cellar/node/5.8.0/bin/node" "/usr/local/bin/npm" "start"
19 error node v5.8.0
20 error npm  v3.8.6
21 error code ELIFECYCLE
22 error color_picker@0.0.1 start: `electron main.js`
22 error Exit status 1
23 error Failed at the color_picker@0.0.1 start script 'electron main.js'.
23 error Make sure you have the latest version of node.js and npm installed.
23 error If you do, this is most likely a problem with the color_picker package,
23 error not with npm itself.
23 error Tell the author that this fails on your system:
23 error     electron main.js
23 error You can get information on how to open an issue for this project with:
23 error     npm bugs color_picker
23 error Or if that isn't available, you can get their info via:
23 error     npm owner ls color_picker
23 error There is likely additional logging output above.
24 verbose exit [ 1, true ]
